storemerge_abeam-training.log:SEVERE: User Masanobu from group abeam-training-server dropped. Removing from group.
	nobu@jp.northsails.com and Kousakabeer@docomo.ne.jo
storemerge_AST.log:SEVERE: Dropping unqualified permission DATA_MINING for user elliss
storemerge_ASVIA.log:SEVERE: User axel.schmidt.91 from group ASVIA-server dropped. Removing from group.
	axel.sebastian.schmidt@rwth-aachen.de and Axel.sebastian.schmidt@rwth-aachen.de
storemerge_NOR.log:SEVERE: User thomas from group NOR-server dropped. Removing from group.
	thomas@no.northsails.com and mail@t-klug.de
storemerge_NOR.log:SEVERE: User frank from group NOR-server dropped. Removing from group.
	""  and bode.f@gmx.de
storemerge_peterwagner.log:SEVERE: User peter.wagner from group peterwagner-server dropped. Removing from group.
	ueberwagner@gmail.com and peter.wagner@segelverband.at
storemerge_peterwagner.log:SEVERE: User tamara from group peterwagner-server dropped. Removing from group.
	tamara96fischer@gmai.com and tamara96fischer@gmail.com
storemerge_schwielochsee.log:SEVERE: User rahxam from group schwielochsee-server dropped. Removing from group.
	mh@sc-schwielochsee.de and maximilian.hartig@sap.com
storemerge_SEGELZENTRUM.log:SEVERE: User max from group SEGELZENTRUM-server dropped. Removing from group.
	maximilian.gross@sap.com and maxgross@t-online.de
storemerge_TracTracTest.log:SEVERE: User jorge from group TracTracTest-server dropped. Removing from group.
	maximilian.gross@sap.com and maxgross@t-online.de
storemerge_USSAILING.log:SEVERE: User Peter from group USSAILING-server dropped. Removing from group.
	maximilian.gross@sap.com and maxgross@t-online.de
